<?xml version="1.0" encoding="UTF-8"?>
<coverage generated="1513614528131" clover="3.2.0">
  <project timestamp="1513614528131" name="All files">
    <metrics statements="17" coveredstatements="3" conditionals="0" coveredconditionals="0" methods="11" coveredmethods="1" elements="28" coveredelements="4" complexity="0" loc="17" ncloc="17" packages="2" files="3" classes="3">
      <package name="Client.src.actions">
        <metrics statements="13" coveredstatements="1" conditionals="0" coveredconditionals="0" methods="9" coveredmethods="1"/>
        <file name="tripsActions.js" path="/Users/ray/Development/HR/git/thesis/PERI/Client/src/actions/tripsActions.js">
          <metrics statements="13" coveredstatements="1" conditionals="0" coveredconditionals="0" methods="9" coveredmethods="1"/>
          <line num="4" count="0" type="stmt"/>
          <line num="5" count="0" type="stmt"/>
          <line num="6" count="0" type="stmt"/>
          <line num="8" count="0" type="stmt"/>
          <line num="9" count="0" type="stmt"/>
          <line num="12" count="0" type="stmt"/>
          <line num="13" count="0" type="stmt"/>
          <line num="19" count="0" type="stmt"/>
          <line num="20" count="0" type="stmt"/>
          <line num="21" count="0" type="stmt"/>
          <line num="23" count="0" type="stmt"/>
          <line num="26" count="0" type="stmt"/>
          <line num="32" count="2" type="stmt"/>
        </file>
      </package>
      <package name="client.src.components">
        <metrics statements="4" coveredstatements="2" conditionals="0" coveredconditionals="0" methods="2" coveredmethods="0"/>
        <file name="login.jsx" path="/Users/ray/Development/HR/git/thesis/PERI/client/src/components/login.jsx">
          <metrics statements="1" coveredstatements="0" conditionals="0" coveredconditionals="0" methods="1" coveredmethods="0"/>
          <line num="15" count="0" type="stmt"/>
        </file>
        <file name="nav.jsx" path="/Users/ray/Development/HR/git/thesis/PERI/client/src/components/nav.jsx">
          <metrics statements="3" coveredstatements="2" conditionals="0" coveredconditionals="0" methods="1" coveredmethods="0"/>
          <line num="5" count="1" type="stmt"/>
          <line num="16" count="1" type="stmt"/>
          <line num="18" count="0" type="stmt"/>
        </file>
      </package>
    </metrics>
  </project>
</coverage>
