{"/Users/ray/Development/HR/git/thesis/PERI/Client/src/actions/tripsActions.js": {"path":"/Users/ray/Development/HR/git/thesis/PERI/Client/src/actions/tripsActions.js","statementMap":{"0":{"start":{"line":4,"column":2},"end":{"line":15,"column":4}},"1":{"start":{"line":5,"column":4},"end":{"line":5,"column":36}},"2":{"start":{"line":6,"column":4},"end":{"line":14,"column":9}},"3":{"start":{"line":8,"column":8},"end":{"line":8,"column":48}},"4":{"start":{"line":9,"column":8},"end":{"line":9,"column":72}},"5":{"start":{"line":12,"column":8},"end":{"line":12,"column":27}},"6":{"start":{"line":13,"column":8},"end":{"line":13,"column":42}},"7":{"start":{"line":19,"column":2},"end":{"line":28,"column":4}},"8":{"start":{"line":20,"column":4},"end":{"line":20,"column":34}},"9":{"start":{"line":21,"column":4},"end":{"line":27,"column":9}},"10":{"start":{"line":23,"column":8},"end":{"line":23,"column":63}},"11":{"start":{"line":26,"column":8},"end":{"line":26,"column":27}},"12":{"start":{"line":32,"column":2},"end":{"line":32,"column":44}}},"fnMap":{"0":{"name":"fetchTrips","decl":{"start":{"line":3,"column":16},"end":{"line":3,"column":26}},"loc":{"start":{"line":3,"column":29},"end":{"line":16,"column":1}},"line":3},"1":{"name":"(anonymous_1)","decl":{"start":{"line":4,"column":9},"end":{"line":4,"column":10}},"loc":{"start":{"line":4,"column":28},"end":{"line":15,"column":3}},"line":4},"2":{"name":"(anonymous_2)","decl":{"start":{"line":7,"column":12},"end":{"line":7,"column":13}},"loc":{"start":{"line":7,"column":32},"end":{"line":10,"column":7}},"line":7},"3":{"name":"(anonymous_3)","decl":{"start":{"line":11,"column":13},"end":{"line":11,"column":14}},"loc":{"start":{"line":11,"column":30},"end":{"line":14,"column":7}},"line":11},"4":{"name":"postTrip","decl":{"start":{"line":18,"column":16},"end":{"line":18,"column":24}},"loc":{"start":{"line":18,"column":31},"end":{"line":29,"column":1}},"line":18},"5":{"name":"(anonymous_5)","decl":{"start":{"line":19,"column":9},"end":{"line":19,"column":10}},"loc":{"start":{"line":19,"column":28},"end":{"line":28,"column":3}},"line":19},"6":{"name":"(anonymous_6)","decl":{"start":{"line":22,"column":12},"end":{"line":22,"column":13}},"loc":{"start":{"line":22,"column":32},"end":{"line":24,"column":7}},"line":22},"7":{"name":"(anonymous_7)","decl":{"start":{"line":25,"column":13},"end":{"line":25,"column":14}},"loc":{"start":{"line":25,"column":30},"end":{"line":27,"column":7}},"line":25},"8":{"name":"login","decl":{"start":{"line":31,"column":16},"end":{"line":31,"column":21}},"loc":{"start":{"line":31,"column":29},"end":{"line":33,"column":1}},"line":31}},"branchMap":{},"s":{"0":0,"1":0,"2":0,"3":0,"4":0,"5":0,"6":0,"7":0,"8":0,"9":0,"10":0,"11":0,"12":2},"f":{"0":0,"1":0,"2":0,"3":0,"4":0,"5":0,"6":0,"7":0,"8":2},"b":{},"_coverageSchema":"332fd63041d2c1bcb487cc26dd0d5f7d97098a6c","hash":"4d87aea6d03a6c9432fb82d2a28e7dedf3834230"}
,"/Users/ray/Development/HR/git/thesis/PERI/client/src/components/login.jsx": {"path":"/Users/ray/Development/HR/git/thesis/PERI/client/src/components/login.jsx","statementMap":{"0":{"start":{"line":15,"column":4},"end":{"line":23,"column":6}}},"fnMap":{"0":{"name":"(anonymous_0)","decl":{"start":{"line":14,"column":2},"end":{"line":14,"column":3}},"loc":{"start":{"line":14,"column":12},"end":{"line":24,"column":3}},"line":14}},"branchMap":{},"s":{"0":0},"f":{"0":0},"b":{},"_coverageSchema":"332fd63041d2c1bcb487cc26dd0d5f7d97098a6c","hash":"74a4bcf69cf485900a297f6cab7787c557f8fd15"}
,"/Users/ray/Development/HR/git/thesis/PERI/client/src/components/nav.jsx": {"path":"/Users/ray/Development/HR/git/thesis/PERI/client/src/components/nav.jsx","statementMap":{"0":{"start":{"line":5,"column":14},"end":{"line":14,"column":1}},"1":{"start":{"line":16,"column":10},"end":{"line":43,"column":1}},"2":{"start":{"line":18,"column":2},"end":{"line":41,"column":8}}},"fnMap":{"0":{"name":"(anonymous_0)","decl":{"start":{"line":16,"column":10},"end":{"line":16,"column":11}},"loc":{"start":{"line":18,"column":2},"end":{"line":41,"column":8}},"line":18}},"branchMap":{},"s":{"0":1,"1":1,"2":0},"f":{"0":0},"b":{},"_coverageSchema":"332fd63041d2c1bcb487cc26dd0d5f7d97098a6c","hash":"7f0e24c656bd48f2534cbf776c81c075f94dbc75"}
}
