TN:
SF:/Users/ray/Development/HR/git/thesis/PERI/Client/src/actions/tripsActions.js
FN:3,fetchTrips
FN:4,(anonymous_1)
FN:7,(anonymous_2)
FN:11,(anonymous_3)
FN:18,postTrip
FN:19,(anonymous_5)
FN:22,(anonymous_6)
FN:25,(anonymous_7)
FN:31,login
FNF:9
FNH:1
FNDA:0,fetchTrips
FNDA:0,(anonymous_1)
FNDA:0,(anonymous_2)
FNDA:0,(anonymous_3)
FNDA:0,postTrip
FNDA:0,(anonymous_5)
FNDA:0,(anonymous_6)
FNDA:0,(anonymous_7)
FNDA:2,login
DA:4,0
DA:5,0
DA:6,0
DA:8,0
DA:9,0
DA:12,0
DA:13,0
DA:19,0
DA:20,0
DA:21,0
DA:23,0
DA:26,0
DA:32,2
LF:13
LH:1
BRF:0
BRH:0
end_of_record
TN:
SF:/Users/ray/Development/HR/git/thesis/PERI/client/src/components/login.jsx
FN:14,(anonymous_0)
FNF:1
FNH:0
FNDA:0,(anonymous_0)
DA:15,0
LF:1
LH:0
BRF:0
BRH:0
end_of_record
TN:
SF:/Users/ray/Development/HR/git/thesis/PERI/client/src/components/nav.jsx
FN:16,(anonymous_0)
FNF:1
FNH:0
FNDA:0,(anonymous_0)
DA:5,1
DA:16,1
DA:18,0
LF:3
LH:2
BRF:0
BRH:0
end_of_record
